  ANDROID_HOME=C:\\Microsoft\AndroidSDK\25
  ANT_HOME=C:\Program Files\Microsoft Visual Studio\2022\Community\Apps\apache-ant-1.9.3
  JAVA_HOME=C:\Program Files\Android\jdk\jdk-8.0.302.8-hotspot\jdk8u302-b08
  NDK_ROOT=C:\archive\android-ndk-r23b
  DeprecationMgr.cpp
  BSplineRotate.cpp
  Deprecated.cpp
  Background.cpp
  ClassicRotate.cpp
  Channels.cpp
  CopyPaste.cpp
  Colors.cpp
  In file included from Source\DeprecationManager\Deprecated.cpp:23:
Source\FreeImage.h(29,10): fatal error : 'platform/third_private_config.h' file not found
  #include "platform/third_private_config.h"
           ^~~~~~~~~~~~~~~~~~~~~~~~~~~~~~~~~
  In file included from Source\FreeImageToolkit\Channels.cpp:22:
Source\FreeImage.h(29,10): fatal error : 'platform/third_private_config.h' file not found
  #include "platform/third_private_config.h"
           ^~~~~~~~~~~~~~~~~~~~~~~~~~~~~~~~~
  In file included from Source\FreeImageToolkit\BSplineRotate.cpp:47:
Source\FreeImage.h(29,10): fatal error : 'platform/third_private_config.h' file not found
  #include "platform/third_private_config.h"
           ^~~~~~~~~~~~~~~~~~~~~~~~~~~~~~~~~
  In file included from Source\FreeImageToolkit\Background.cpp:22:
Source\FreeImage.h(29,10): fatal error : 'platform/third_private_config.h' file not found
  #include "platform/third_private_config.h"
           ^~~~~~~~~~~~~~~~~~~~~~~~~~~~~~~~~
  1 error generated.
  1 error generated.
  1 error generated.
  1 error generated.
  In file included from Source\FreeImageToolkit\Colors.cpp:24:
Source\FreeImage.h(29,10): fatal error : 'platform/third_private_config.h' file not found
  #include "platform/third_private_config.h"
           ^~~~~~~~~~~~~~~~~~~~~~~~~~~~~~~~~
  1 error generated.
  In file included from Source\DeprecationManager\DeprecationMgr.cpp:29:
Source\FreeImage.h(29,10): fatal error : 'platform/third_private_config.h' file not found
  #include "platform/third_private_config.h"
           ^~~~~~~~~~~~~~~~~~~~~~~~~~~~~~~~~
  In file included from Source\FreeImageToolkit\CopyPaste.cpp:26:
Source\FreeImage.h(29,10): fatal error : 'platform/third_private_config.h' file not found
  #include "platform/third_private_config.h"
           ^~~~~~~~~~~~~~~~~~~~~~~~~~~~~~~~~
  1 error generated.
  In file included from Source\FreeImageToolkit\ClassicRotate.cpp:36:
Source\FreeImage.h(29,10): fatal error : 'platform/third_private_config.h' file not found
  #include "platform/third_private_config.h"
           ^~~~~~~~~~~~~~~~~~~~~~~~~~~~~~~~~
  1 error generated.
  1 error generated.
